The system is: Linux - 4.15.0-74-generic - x86_64
Compiling the C compiler identification source file "CMakeCCompilerId.c" succeeded.
Compiler: /usr/bin/cc 
Build flags: 
Id flags: 

The output was:
0


Compilation of the C compiler identification source "CMakeCCompilerId.c" produced "a.out"

The C compiler identification is GNU, found in "/home/xll/windily/catkin_ws/build/CMakeFiles/3.5.1/CompilerIdC/a.out"

Compiling the CXX compiler identification source file "CMakeCXXCompilerId.cpp" succeeded.
Compiler: /usr/bin/c++ 
Build flags: 
Id flags: 

The output was:
0


Compilation of the CXX compiler identification source "CMakeCXXCompilerId.cpp" produced "a.out"

The CXX compiler identification is GNU, found in "/home/xll/windily/catkin_ws/build/CMakeFiles/3.5.1/CompilerIdCXX/a.out"

Determining if the C compiler works passed with the following output:
Change Dir: /home/xll/windily/catkin_ws/build/CMakeFiles/CMakeTmp

Run Build Command:"/usr/bin/make" "cmTC_2bb48/fast"
/usr/bin/make -f CMakeFiles/cmTC_2bb48.dir/build.make CMakeFiles/cmTC_2bb48.dir/build
make[1]: Entering directory '/home/xll/windily/catkin_ws/build/CMakeFiles/CMakeTmp'
Building C object CMakeFiles/cmTC_2bb48.dir/testCCompiler.c.o
/usr/bin/cc     -o CMakeFiles/cmTC_2bb48.dir/testCCompiler.c.o   -c /home/xll/windily/catkin_ws/build/CMakeFiles/CMakeTmp/testCCompiler.c
Linking C executable cmTC_2bb48
/usr/bin/cmake -E cmake_link_script CMakeFiles/cmTC_2bb48.dir/link.txt --verbose=1
/usr/bin/cc       CMakeFiles/cmTC_2bb48.dir/testCCompiler.c.o  -o cmTC_2bb48 -rdynamic 
make[1]: Leaving directory '/home/xll/windily/catkin_ws/build/CMakeFiles/CMakeTmp'


Detecting C compiler ABI info compiled with the following output:
Change Dir: /home/xll/windily/catkin_ws/build/CMakeFiles/CMakeTmp

Run Build Command:"/usr/bin/make" "cmTC_ae022/fast"
/usr/bin/make -f CMakeFiles/cmTC_ae022.dir/build.make CMakeFiles/cmTC_ae022.dir/build
make[1]: Entering directory '/home/xll/windily/catkin_ws/build/CMakeFiles/CMakeTmp'
Building C object CMakeFiles/cmTC_ae022.dir/CMakeCCompilerABI.c.o
/usr/bin/cc     -o CMakeFiles/cmTC_ae022.dir/CMakeCCompilerABI.c.o   -c /usr/share/cmake-3.5/Modules/CMakeCCompilerABI.c
Linking C executable cmTC_ae022
/usr/bin/cmake -E cmake_link_script CMakeFiles/cmTC_ae022.dir/link.txt --verbose=1
/usr/bin/cc      -v CMakeFiles/cmTC_ae022.dir/CMakeCCompilerABI.c.o  -o cmTC_ae022 -rdynamic  
Using built-in specs.
COLLECT_GCC=/usr/bin/cc
COLLECT_LTO_WRAPPER=/usr/lib/gcc/x86_64-linux-gnu/5/lto-wrapper
Target: x86_64-linux-gnu
Configured with: ../src/configure -v --with-pkgversion='Ubuntu 5.4.0-6ubuntu1~16.04.12' --with-bugurl=file:///usr/share/doc/gcc-5/README.Bugs --enable-languages=c,ada,c++,java,go,d,fortran,objc,obj-c++ --prefix=/usr --program-suffix=-5 --enable-shared --enable-linker-build-id --libexecdir=/usr/lib --without-included-gettext --enable-threads=posix --libdir=/usr/lib --enable-nls --with-sysroot=/ --enable-clocale=gnu --enable-libstdcxx-debug --enable-libstdcxx-time=yes --with-default-libstdcxx-abi=new --enable-gnu-unique-object --disable-vtable-verify --enable-libmpx --enable-plugin --with-system-zlib --disable-browser-plugin --enable-java-awt=gtk --enable-gtk-cairo --with-java-home=/usr/lib/jvm/java-1.5.0-gcj-5-amd64/jre --enable-java-home --with-jvm-root-dir=/usr/lib/jvm/java-1.5.0-gcj-5-amd64 --with-jvm-jar-dir=/usr/lib/jvm-exports/java-1.5.0-gcj-5-amd64 --with-arch-directory=amd64 --with-ecj-jar=/usr/share/java/eclipse-ecj.jar --enable-objc-gc --enable-multiarch --disable-werror --with-arch-32=i686 --with-abi=m64 --with-multilib-list=m32,m64,mx32 --enable-multilib --with-tune=generic --enable-checking=release --build=x86_64-linux-gnu --host=x86_64-linux-gnu --target=x86_64-linux-gnu
Thread model: posix
gcc version 5.4.0 20160609 (Ubuntu 5.4.0-6ubuntu1~16.04.12) 
COMPILER_PATH=/usr/lib/gcc/x86_64-linux-gnu/5/:/usr/lib/gcc/x86_64-linux-gnu/5/:/usr/lib/gcc/x86_64-linux-gnu/:/usr/lib/gcc/x86_64-linux-gnu/5/:/usr/lib/gcc/x86_64-linux-gnu/
LIBRARY_PATH=/usr/lib/gcc/x86_64-linux-gnu/5/:/usr/lib/gcc/x86_64-linux-gnu/5/../../../x86_64-linux-gnu/:/usr/lib/gcc/x86_64-linux-gnu/5/../../../../lib/:/lib/x86_64-linux-gnu/:/lib/../lib/:/usr/lib/x86_64-linux-gnu/:/usr/lib/../lib/:/usr/lib/gcc/x86_64-linux-gnu/5/../../../:/lib/:/usr/lib/
COLLECT_GCC_OPTIONS='-v' '-o' 'cmTC_ae022' '-rdynamic' '-mtune=generic' '-march=x86-64'
 /usr/lib/gcc/x86_64-linux-gnu/5/collect2 -plugin /usr/lib/gcc/x86_64-linux-gnu/5/liblto_plugin.so -plugin-opt=/usr/lib/gcc/x86_64-linux-gnu/5/lto-wrapper -plugin-opt=-fresolution=/tmp/ccBlr9fl.res -plugin-opt=-pass-through=-lgcc -plugin-opt=-pass-through=-lgcc_s -plugin-opt=-pass-through=-lc -plugin-opt=-pass-through=-lgcc -plugin-opt=-pass-through=-lgcc_s --sysroot=/ --build-id --eh-frame-hdr -m elf_x86_64 --hash-style=gnu --as-needed -export-dynamic -dynamic-linker /lib64/ld-linux-x86-64.so.2 -z relro -o cmTC_ae022 /usr/lib/gcc/x86_64-linux-gnu/5/../../../x86_64-linux-gnu/crt1.o /usr/lib/gcc/x86_64-linux-gnu/5/../../../x86_64-linux-gnu/crti.o /usr/lib/gcc/x86_64-linux-gnu/5/crtbegin.o -L/usr/lib/gcc/x86_64-linux-gnu/5 -L/usr/lib/gcc/x86_64-linux-gnu/5/../../../x86_64-linux-gnu -L/usr/lib/gcc/x86_64-linux-gnu/5/../../../../lib -L/lib/x86_64-linux-gnu -L/lib/../lib -L/usr/lib/x86_64-linux-gnu -L/usr/lib/../lib -L/usr/lib/gcc/x86_64-linux-gnu/5/../../.. CMakeFiles/cmTC_ae022.dir/CMakeCCompilerABI.c.o -lgcc --as-needed -lgcc_s --no-as-needed -lc -lgcc --as-needed -lgcc_s --no-as-needed /usr/lib/gcc/x86_64-linux-gnu/5/crtend.o /usr/lib/gcc/x86_64-linux-gnu/5/../../../x86_64-linux-gnu/crtn.o
make[1]: Leaving directory '/home/xll/windily/catkin_ws/build/CMakeFiles/CMakeTmp'


Parsed C implicit link information from above output:
  link line regex: [^( *|.*[/\])(ld|([^/\]+-)?ld|collect2)[^/\]*( |$)]
  ignore line: [Change Dir: /home/xll/windily/catkin_ws/build/CMakeFiles/CMakeTmp]
  ignore line: []
  ignore line: [Run Build Command:"/usr/bin/make" "cmTC_ae022/fast"]
  ignore line: [/usr/bin/make -f CMakeFiles/cmTC_ae022.dir/build.make CMakeFiles/cmTC_ae022.dir/build]
  ignore line: [make[1]: Entering directory '/home/xll/windily/catkin_ws/build/CMakeFiles/CMakeTmp']
  ignore line: [Building C object CMakeFiles/cmTC_ae022.dir/CMakeCCompilerABI.c.o]
  ignore line: [/usr/bin/cc     -o CMakeFiles/cmTC_ae022.dir/CMakeCCompilerABI.c.o   -c /usr/share/cmake-3.5/Modules/CMakeCCompilerABI.c]
  ignore line: [Linking C executable cmTC_ae022]
  ignore line: [/usr/bin/cmake -E cmake_link_script CMakeFiles/cmTC_ae022.dir/link.txt --verbose=1]
  ignore line: [/usr/bin/cc      -v CMakeFiles/cmTC_ae022.dir/CMakeCCompilerABI.c.o  -o cmTC_ae022 -rdynamic  ]
  ignore line: [Using built-in specs.]
  ignore line: [COLLECT_GCC=/usr/bin/cc]
  ignore line: [COLLECT_LTO_WRAPPER=/usr/lib/gcc/x86_64-linux-gnu/5/lto-wrapper]
  ignore line: [Target: x86_64-linux-gnu]
  ignore line: [Configured with: ../src/configure -v --with-pkgversion='Ubuntu 5.4.0-6ubuntu1~16.04.12' --with-bugurl=file:///usr/share/doc/gcc-5/README.Bugs --enable-languages=c,ada,c++,java,go,d,fortran,objc,obj-c++ --prefix=/usr --program-suffix=-5 --enable-shared --enable-linker-build-id --libexecdir=/usr/lib --without-included-gettext --enable-threads=posix --libdir=/usr/lib --enable-nls --with-sysroot=/ --enable-clocale=gnu --enable-libstdcxx-debug --enable-libstdcxx-time=yes --with-default-libstdcxx-abi=new --enable-gnu-unique-object --disable-vtable-verify --enable-libmpx --enable-plugin --with-system-zlib --disable-browser-plugin --enable-java-awt=gtk --enable-gtk-cairo --with-java-home=/usr/lib/jvm/java-1.5.0-gcj-5-amd64/jre --enable-java-home --with-jvm-root-dir=/usr/lib/jvm/java-1.5.0-gcj-5-amd64 --with-jvm-jar-dir=/usr/lib/jvm-exports/java-1.5.0-gcj-5-amd64 --with-arch-directory=amd64 --with-ecj-jar=/usr/share/java/eclipse-ecj.jar --enable-objc-gc --enable-multiarch --disable-werror --with-arch-32=i686 --with-abi=m64 --with-multilib-list=m32,m64,mx32 --enable-multilib --with-tune=generic --enable-checking=release --build=x86_64-linux-gnu --host=x86_64-linux-gnu --target=x86_64-linux-gnu]
  ignore line: [Thread model: posix]
  ignore line: [gcc version 5.4.0 20160609 (Ubuntu 5.4.0-6ubuntu1~16.04.12) ]
  ignore line: [COMPILER_PATH=/usr/lib/gcc/x86_64-linux-gnu/5/:/usr/lib/gcc/x86_64-linux-gnu/5/:/usr/lib/gcc/x86_64-linux-gnu/:/usr/lib/gcc/x86_64-linux-gnu/5/:/usr/lib/gcc/x86_64-linux-gnu/]
  ignore line: [LIBRARY_PATH=/usr/lib/gcc/x86_64-linux-gnu/5/:/usr/lib/gcc/x86_64-linux-gnu/5/../../../x86_64-linux-gnu/:/usr/lib/gcc/x86_64-linux-gnu/5/../../../../lib/:/lib/x86_64-linux-gnu/:/lib/../lib/:/usr/lib/x86_64-linux-gnu/:/usr/lib/../lib/:/usr/lib/gcc/x86_64-linux-gnu/5/../../../:/lib/:/usr/lib/]
  ignore line: [COLLECT_GCC_OPTIONS='-v' '-o' 'cmTC_ae022' '-rdynamic' '-mtune=generic' '-march=x86-64']
  link line: [ /usr/lib/gcc/x86_64-linux-gnu/5/collect2 -plugin /usr/lib/gcc/x86_64-linux-gnu/5/liblto_plugin.so -plugin-opt=/usr/lib/gcc/x86_64-linux-gnu/5/lto-wrapper -plugin-opt=-fresolution=/tmp/ccBlr9fl.res -plugin-opt=-pass-through=-lgcc -plugin-opt=-pass-through=-lgcc_s -plugin-opt=-pass-through=-lc -plugin-opt=-pass-through=-lgcc -plugin-opt=-pass-through=-lgcc_s --sysroot=/ --build-id --eh-frame-hdr -m elf_x86_64 --hash-style=gnu --as-needed -export-dynamic -dynamic-linker /lib64/ld-linux-x86-64.so.2 -z relro -o cmTC_ae022 /usr/lib/gcc/x86_64-linux-gnu/5/../../../x86_64-linux-gnu/crt1.o /usr/lib/gcc/x86_64-linux-gnu/5/../../../x86_64-linux-gnu/crti.o /usr/lib/gcc/x86_64-linux-gnu/5/crtbegin.o -L/usr/lib/gcc/x86_64-linux-gnu/5 -L/usr/lib/gcc/x86_64-linux-gnu/5/../../../x86_64-linux-gnu -L/usr/lib/gcc/x86_64-linux-gnu/5/../../../../lib -L/lib/x86_64-linux-gnu -L/lib/../lib -L/usr/lib/x86_64-linux-gnu -L/usr/lib/../lib -L/usr/lib/gcc/x86_64-linux-gnu/5/../../.. CMakeFiles/cmTC_ae022.dir/CMakeCCompilerABI.c.o -lgcc --as-needed -lgcc_s --no-as-needed -lc -lgcc --as-needed -lgcc_s --no-as-needed /usr/lib/gcc/x86_64-linux-gnu/5/crtend.o /usr/lib/gcc/x86_64-linux-gnu/5/../../../x86_64-linux-gnu/crtn.o]
    arg [/usr/lib/gcc/x86_64-linux-gnu/5/collect2] ==> ignore
    arg [-plugin] ==> ignore
    arg [/usr/lib/gcc/x86_64-linux-gnu/5/liblto_plugin.so] ==> ignore
    arg [-plugin-opt=/usr/lib/gcc/x86_64-linux-gnu/5/lto-wrapper] ==> ignore
    arg [-plugin-opt=-fresolution=/tmp/ccBlr9fl.res] ==> ignore
    arg [-plugin-opt=-pass-through=-lgcc] ==> ignore
    arg [-plugin-opt=-pass-through=-lgcc_s] ==> ignore
    arg [-plugin-opt=-pass-through=-lc] ==> ignore
    arg [-plugin-opt=-pass-through=-lgcc] ==> ignore
    arg [-plugin-opt=-pass-through=-lgcc_s] ==> ignore
    arg [--sysroot=/] ==> ignore
    arg [--build-id] ==> ignore
    arg [--eh-frame-hdr] ==> ignore
    arg [-m] ==> ignore
    arg [elf_x86_64] ==> ignore
    arg [--hash-style=gnu] ==> ignore
    arg [--as-needed] ==> ignore
    arg [-export-dynamic] ==> ignore
    arg [-dynamic-linker] ==> ignore
    arg [/lib64/ld-linux-x86-64.so.2] ==> ignore
    arg [-zrelro] ==> ignore
    arg [-o] ==> ignore
    arg [cmTC_ae022] ==> ignore
    arg [/usr/lib/gcc/x86_64-linux-gnu/5/../../../x86_64-linux-gnu/crt1.o] ==> ignore
    arg [/usr/lib/gcc/x86_64-linux-gnu/5/../../../x86_64-linux-gnu/crti.o] ==> ignore
    arg [/usr/lib/gcc/x86_64-linux-gnu/5/crtbegin.o] ==> ignore
    arg [-L/usr/lib/gcc/x86_64-linux-gnu/5] ==> dir [/usr/lib/gcc/x86_64-linux-gnu/5]
    arg [-L/usr/lib/gcc/x86_64-linux-gnu/5/../../../x86_64-linux-gnu] ==> dir [/usr/lib/gcc/x86_64-linux-gnu/5/../../../x86_64-linux-gnu]
    arg [-L/usr/lib/gcc/x86_64-linux-gnu/5/../../../../lib] ==> dir [/usr/lib/gcc/x86_64-linux-gnu/5/../../../../lib]
    arg [-L/lib/x86_64-linux-gnu] ==> dir [/lib/x86_64-linux-gnu]
    arg [-L/lib/../lib] ==> dir [/lib/../lib]
    arg [-L/usr/lib/x86_64-linux-gnu] ==> dir [/usr/lib/x86_64-linux-gnu]
    arg [-L/usr/lib/../lib] ==> dir [/usr/lib/../lib]
    arg [-L/usr/lib/gcc/x86_64-linux-gnu/5/../../..] ==> dir [/usr/lib/gcc/x86_64-linux-gnu/5/../../..]
    arg [CMakeFiles/cmTC_ae022.dir/CMakeCCompilerABI.c.o] ==> ignore
    arg [-lgcc] ==> lib [gcc]
    arg [--as-needed] ==> ignore
    arg [-lgcc_s] ==> lib [gcc_s]
    arg [--no-as-needed] ==> ignore
    arg [-lc] ==> lib [c]
    arg [-lgcc] ==> lib [gcc]
    arg [--as-needed] ==> ignore
    arg [-lgcc_s] ==> lib [gcc_s]
    arg [--no-as-needed] ==> ignore
    arg [/usr/lib/gcc/x86_64-linux-gnu/5/crtend.o] ==> ignore
    arg [/usr/lib/gcc/x86_64-linux-gnu/5/../../../x86_64-linux-gnu/crtn.o] ==> ignore
  remove lib [gcc]
  remove lib [gcc_s]
  remove lib [gcc]
  remove lib [gcc_s]
  collapse library dir [/usr/lib/gcc/x86_64-linux-gnu/5] ==> [/usr/lib/gcc/x86_64-linux-gnu/5]
  collapse library dir [/usr/lib/gcc/x86_64-linux-gnu/5/../../../x86_64-linux-gnu] ==> [/usr/lib/x86_64-linux-gnu]
  collapse library dir [/usr/lib/gcc/x86_64-linux-gnu/5/../../../../lib] ==> [/usr/lib]
  collapse library dir [/lib/x86_64-linux-gnu] ==> [/lib/x86_64-linux-gnu]
  collapse library dir [/lib/../lib] ==> [/lib]
  collapse library dir [/usr/lib/x86_64-linux-gnu] ==> [/usr/lib/x86_64-linux-gnu]
  collapse library dir [/usr/lib/../lib] ==> [/usr/lib]
  collapse library dir [/usr/lib/gcc/x86_64-linux-gnu/5/../../..] ==> [/usr/lib]
  implicit libs: [c]
  implicit dirs: [/usr/lib/gcc/x86_64-linux-gnu/5;/usr/lib/x86_64-linux-gnu;/usr/lib;/lib/x86_64-linux-gnu;/lib]
  implicit fwks: []




Detecting C [-std=c11] compiler features compiled with the following output:
Change Dir: /home/xll/windily/catkin_ws/build/CMakeFiles/CMakeTmp

Run Build Command:"/usr/bin/make" "cmTC_11b07/fast"
/usr/bin/make -f CMakeFiles/cmTC_11b07.dir/build.make CMakeFiles/cmTC_11b07.dir/build
make[1]: Entering directory '/home/xll/windily/catkin_ws/build/CMakeFiles/CMakeTmp'
Building C object CMakeFiles/cmTC_11b07.dir/feature_tests.c.o
/usr/bin/cc    -std=c11 -o CMakeFiles/cmTC_11b07.dir/feature_tests.c.o   -c /home/xll/windily/catkin_ws/build/CMakeFiles/feature_tests.c
Linking C executable cmTC_11b07
/usr/bin/cmake -E cmake_link_script CMakeFiles/cmTC_11b07.dir/link.txt --verbose=1
/usr/bin/cc       CMakeFiles/cmTC_11b07.dir/feature_tests.c.o  -o cmTC_11b07 -rdynamic 
make[1]: Leaving directory '/home/xll/windily/catkin_ws/build/CMakeFiles/CMakeTmp'


    Feature record: C_FEATURE:1c_function_prototypes
    Feature record: C_FEATURE:1c_restrict
    Feature record: C_FEATURE:1c_static_assert
    Feature record: C_FEATURE:1c_variadic_macros


Detecting C [-std=c99] compiler features compiled with the following output:
Change Dir: /home/xll/windily/catkin_ws/build/CMakeFiles/CMakeTmp

Run Build Command:"/usr/bin/make" "cmTC_919c8/fast"
/usr/bin/make -f CMakeFiles/cmTC_919c8.dir/build.make CMakeFiles/cmTC_919c8.dir/build
make[1]: Entering directory '/home/xll/windily/catkin_ws/build/CMakeFiles/CMakeTmp'
Building C object CMakeFiles/cmTC_919c8.dir/feature_tests.c.o
/usr/bin/cc    -std=c99 -o CMakeFiles/cmTC_919c8.dir/feature_tests.c.o   -c /home/xll/windily/catkin_ws/build/CMakeFiles/feature_tests.c
Linking C executable cmTC_919c8
/usr/bin/cmake -E cmake_link_script CMakeFiles/cmTC_919c8.dir/link.txt --verbose=1
/usr/bin/cc       CMakeFiles/cmTC_919c8.dir/feature_tests.c.o  -o cmTC_919c8 -rdynamic 
make[1]: Leaving directory '/home/xll/windily/catkin_ws/build/CMakeFiles/CMakeTmp'


    Feature record: C_FEATURE:1c_function_prototypes
    Feature record: C_FEATURE:1c_restrict
    Feature record: C_FEATURE:0c_static_assert
    Feature record: C_FEATURE:1c_variadic_macros


Detecting C [-std=c90] compiler features compiled with the following output:
Change Dir: /home/xll/windily/catkin_ws/build/CMakeFiles/CMakeTmp

Run Build Command:"/usr/bin/make" "cmTC_2e123/fast"
/usr/bin/make -f CMakeFiles/cmTC_2e123.dir/build.make CMakeFiles/cmTC_2e123.dir/build
make[1]: Entering directory '/home/xll/windily/catkin_ws/build/CMakeFiles/CMakeTmp'
Building C object CMakeFiles/cmTC_2e123.dir/feature_tests.c.o
/usr/bin/cc    -std=c90 -o CMakeFiles/cmTC_2e123.dir/feature_tests.c.o   -c /home/xll/windily/catkin_ws/build/CMakeFiles/feature_tests.c
Linking C executable cmTC_2e123
/usr/bin/cmake -E cmake_link_script CMakeFiles/cmTC_2e123.dir/link.txt --verbose=1
/usr/bin/cc       CMakeFiles/cmTC_2e123.dir/feature_tests.c.o  -o cmTC_2e123 -rdynamic 
make[1]: Leaving directory '/home/xll/windily/catkin_ws/build/CMakeFiles/CMakeTmp'


    Feature record: C_FEATURE:1c_function_prototypes
    Feature record: C_FEATURE:0c_restrict
    Feature record: C_FEATURE:0c_static_assert
    Feature record: C_FEATURE:0c_variadic_macros
Determining if the CXX compiler works passed with the following output:
Change Dir: /home/xll/windily/catkin_ws/build/CMakeFiles/CMakeTmp

Run Build Command:"/usr/bin/make" "cmTC_6ebdb/fast"
/usr/bin/make -f CMakeFiles/cmTC_6ebdb.dir/build.make CMakeFiles/cmTC_6ebdb.dir/build
make[1]: Entering directory '/home/xll/windily/catkin_ws/build/CMakeFiles/CMakeTmp'
Building CXX object CMakeFiles/cmTC_6ebdb.dir/testCXXCompiler.cxx.o
/usr/bin/c++      -o CMakeFiles/cmTC_6ebdb.dir/testCXXCompiler.cxx.o -c /home/xll/windily/catkin_ws/build/CMakeFiles/CMakeTmp/testCXXCompiler.cxx
Linking CXX executable cmTC_6ebdb
/usr/bin/cmake -E cmake_link_script CMakeFiles/cmTC_6ebdb.dir/link.txt --verbose=1
/usr/bin/c++        CMakeFiles/cmTC_6ebdb.dir/testCXXCompiler.cxx.o  -o cmTC_6ebdb -rdynamic 
make[1]: Leaving directory '/home/xll/windily/catkin_ws/build/CMakeFiles/CMakeTmp'


Detecting CXX compiler ABI info compiled with the following output:
Change Dir: /home/xll/windily/catkin_ws/build/CMakeFiles/CMakeTmp

Run Build Command:"/usr/bin/make" "cmTC_81ddd/fast"
/usr/bin/make -f CMakeFiles/cmTC_81ddd.dir/build.make CMakeFiles/cmTC_81ddd.dir/build
make[1]: Entering directory '/home/xll/windily/catkin_ws/build/CMakeFiles/CMakeTmp'
Building CXX object CMakeFiles/cmTC_81ddd.dir/CMakeCXXCompilerABI.cpp.o
/usr/bin/c++      -o CMakeFiles/cmTC_81ddd.dir/CMakeCXXCompilerABI.cpp.o -c /usr/share/cmake-3.5/Modules/CMakeCXXCompilerABI.cpp
Linking CXX executable cmTC_81ddd
/usr/bin/cmake -E cmake_link_script CMakeFiles/cmTC_81ddd.dir/link.txt --verbose=1
/usr/bin/c++       -v CMakeFiles/cmTC_81ddd.dir/CMakeCXXCompilerABI.cpp.o  -o cmTC_81ddd -rdynamic  
Using built-in specs.
COLLECT_GCC=/usr/bin/c++
COLLECT_LTO_WRAPPER=/usr/lib/gcc/x86_64-linux-gnu/5/lto-wrapper
Target: x86_64-linux-gnu
Configured with: ../src/configure -v --with-pkgversion='Ubuntu 5.4.0-6ubuntu1~16.04.12' --with-bugurl=file:///usr/share/doc/gcc-5/README.Bugs --enable-languages=c,ada,c++,java,go,d,fortran,objc,obj-c++ --prefix=/usr --program-suffix=-5 --enable-shared --enable-linker-build-id --libexecdir=/usr/lib --without-included-gettext --enable-threads=posix --libdir=/usr/lib --enable-nls --with-sysroot=/ --enable-clocale=gnu --enable-libstdcxx-debug --enable-libstdcxx-time=yes --with-default-libstdcxx-abi=new --enable-gnu-unique-object --disable-vtable-verify --enable-libmpx --enable-plugin --with-system-zlib --disable-browser-plugin --enable-java-awt=gtk --enable-gtk-cairo --with-java-home=/usr/lib/jvm/java-1.5.0-gcj-5-amd64/jre --enable-java-home --with-jvm-root-dir=/usr/lib/jvm/java-1.5.0-gcj-5-amd64 --with-jvm-jar-dir=/usr/lib/jvm-exports/java-1.5.0-gcj-5-amd64 --with-arch-directory=amd64 --with-ecj-jar=/usr/share/java/eclipse-ecj.jar --enable-objc-gc --enable-multiarch --disable-werror --with-arch-32=i686 --with-abi=m64 --with-multilib-list=m32,m64,mx32 --enable-multilib --with-tune=generic --enable-checking=release --build=x86_64-linux-gnu --host=x86_64-linux-gnu --target=x86_64-linux-gnu
Thread model: posix
gcc version 5.4.0 20160609 (Ubuntu 5.4.0-6ubuntu1~16.04.12) 
COMPILER_PATH=/usr/lib/gcc/x86_64-linux-gnu/5/:/usr/lib/gcc/x86_64-linux-gnu/5/:/usr/lib/gcc/x86_64-linux-gnu/:/usr/lib/gcc/x86_64-linux-gnu/5/:/usr/lib/gcc/x86_64-linux-gnu/
LIBRARY_PATH=/usr/lib/gcc/x86_64-linux-gnu/5/:/usr/lib/gcc/x86_64-linux-gnu/5/../../../x86_64-linux-gnu/:/usr/lib/gcc/x86_64-linux-gnu/5/../../../../lib/:/lib/x86_64-linux-gnu/:/lib/../lib/:/usr/lib/x86_64-linux-gnu/:/usr/lib/../lib/:/usr/lib/gcc/x86_64-linux-gnu/5/../../../:/lib/:/usr/lib/
COLLECT_GCC_OPTIONS='-v' '-o' 'cmTC_81ddd' '-rdynamic' '-shared-libgcc' '-mtune=generic' '-march=x86-64'
 /usr/lib/gcc/x86_64-linux-gnu/5/collect2 -plugin /usr/lib/gcc/x86_64-linux-gnu/5/liblto_plugin.so -plugin-opt=/usr/lib/gcc/x86_64-linux-gnu/5/lto-wrapper -plugin-opt=-fresolution=/tmp/ccWWuNZJ.res -plugin-opt=-pass-through=-lgcc_s -plugin-opt=-pass-through=-lgcc -plugin-opt=-pass-through=-lc -plugin-opt=-pass-through=-lgcc_s -plugin-opt=-pass-through=-lgcc --sysroot=/ --build-id --eh-frame-hdr -m elf_x86_64 --hash-style=gnu --as-needed -export-dynamic -dynamic-linker /lib64/ld-linux-x86-64.so.2 -z relro -o cmTC_81ddd /usr/lib/gcc/x86_64-linux-gnu/5/../../../x86_64-linux-gnu/crt1.o /usr/lib/gcc/x86_64-linux-gnu/5/../../../x86_64-linux-gnu/crti.o /usr/lib/gcc/x86_64-linux-gnu/5/crtbegin.o -L/usr/lib/gcc/x86_64-linux-gnu/5 -L/usr/lib/gcc/x86_64-linux-gnu/5/../../../x86_64-linux-gnu -L/usr/lib/gcc/x86_64-linux-gnu/5/../../../../lib -L/lib/x86_64-linux-gnu -L/lib/../lib -L/usr/lib/x86_64-linux-gnu -L/usr/lib/../lib -L/usr/lib/gcc/x86_64-linux-gnu/5/../../.. CMakeFiles/cmTC_81ddd.dir/CMakeCXXCompilerABI.cpp.o -lstdc++ -lm -lgcc_s -lgcc -lc -lgcc_s -lgcc /usr/lib/gcc/x86_64-linux-gnu/5/crtend.o /usr/lib/gcc/x86_64-linux-gnu/5/../../../x86_64-linux-gnu/crtn.o
make[1]: Leaving directory '/home/xll/windily/catkin_ws/build/CMakeFiles/CMakeTmp'


Parsed CXX implicit link information from above output:
  link line regex: [^( *|.*[/\])(ld|([^/\]+-)?ld|collect2)[^/\]*( |$)]
  ignore line: [Change Dir: /home/xll/windily/catkin_ws/build/CMakeFiles/CMakeTmp]
  ignore line: []
  ignore line: [Run Build Command:"/usr/bin/make" "cmTC_81ddd/fast"]
  ignore line: [/usr/bin/make -f CMakeFiles/cmTC_81ddd.dir/build.make CMakeFiles/cmTC_81ddd.dir/build]
  ignore line: [make[1]: Entering directory '/home/xll/windily/catkin_ws/build/CMakeFiles/CMakeTmp']
  ignore line: [Building CXX object CMakeFiles/cmTC_81ddd.dir/CMakeCXXCompilerABI.cpp.o]
  ignore line: [/usr/bin/c++      -o CMakeFiles/cmTC_81ddd.dir/CMakeCXXCompilerABI.cpp.o -c /usr/share/cmake-3.5/Modules/CMakeCXXCompilerABI.cpp]
  ignore line: [Linking CXX executable cmTC_81ddd]
  ignore line: [/usr/bin/cmake -E cmake_link_script CMakeFiles/cmTC_81ddd.dir/link.txt --verbose=1]
  ignore line: [/usr/bin/c++       -v CMakeFiles/cmTC_81ddd.dir/CMakeCXXCompilerABI.cpp.o  -o cmTC_81ddd -rdynamic  ]
  ignore line: [Using built-in specs.]
  ignore line: [COLLECT_GCC=/usr/bin/c++]
  ignore line: [COLLECT_LTO_WRAPPER=/usr/lib/gcc/x86_64-linux-gnu/5/lto-wrapper]
  ignore line: [Target: x86_64-linux-gnu]
  ignore line: [Configured with: ../src/configure -v --with-pkgversion='Ubuntu 5.4.0-6ubuntu1~16.04.12' --with-bugurl=file:///usr/share/doc/gcc-5/README.Bugs --enable-languages=c,ada,c++,java,go,d,fortran,objc,obj-c++ --prefix=/usr --program-suffix=-5 --enable-shared --enable-linker-build-id --libexecdir=/usr/lib --without-included-gettext --enable-threads=posix --libdir=/usr/lib --enable-nls --with-sysroot=/ --enable-clocale=gnu --enable-libstdcxx-debug --enable-libstdcxx-time=yes --with-default-libstdcxx-abi=new --enable-gnu-unique-object --disable-vtable-verify --enable-libmpx --enable-plugin --with-system-zlib --disable-browser-plugin --enable-java-awt=gtk --enable-gtk-cairo --with-java-home=/usr/lib/jvm/java-1.5.0-gcj-5-amd64/jre --enable-java-home --with-jvm-root-dir=/usr/lib/jvm/java-1.5.0-gcj-5-amd64 --with-jvm-jar-dir=/usr/lib/jvm-exports/java-1.5.0-gcj-5-amd64 --with-arch-directory=amd64 --with-ecj-jar=/usr/share/java/eclipse-ecj.jar --enable-objc-gc --enable-multiarch --disable-werror --with-arch-32=i686 --with-abi=m64 --with-multilib-list=m32,m64,mx32 --enable-multilib --with-tune=generic --enable-checking=release --build=x86_64-linux-gnu --host=x86_64-linux-gnu --target=x86_64-linux-gnu]
  ignore line: [Thread model: posix]
  ignore line: [gcc version 5.4.0 20160609 (Ubuntu 5.4.0-6ubuntu1~16.04.12) ]
  ignore line: [COMPILER_PATH=/usr/lib/gcc/x86_64-linux-gnu/5/:/usr/lib/gcc/x86_64-linux-gnu/5/:/usr/lib/gcc/x86_64-linux-gnu/:/usr/lib/gcc/x86_64-linux-gnu/5/:/usr/lib/gcc/x86_64-linux-gnu/]
  ignore line: [LIBRARY_PATH=/usr/lib/gcc/x86_64-linux-gnu/5/:/usr/lib/gcc/x86_64-linux-gnu/5/../../../x86_64-linux-gnu/:/usr/lib/gcc/x86_64-linux-gnu/5/../../../../lib/:/lib/x86_64-linux-gnu/:/lib/../lib/:/usr/lib/x86_64-linux-gnu/:/usr/lib/../lib/:/usr/lib/gcc/x86_64-linux-gnu/5/../../../:/lib/:/usr/lib/]
  ignore line: [COLLECT_GCC_OPTIONS='-v' '-o' 'cmTC_81ddd' '-rdynamic' '-shared-libgcc' '-mtune=generic' '-march=x86-64']
  link line: [ /usr/lib/gcc/x86_64-linux-gnu/5/collect2 -plugin /usr/lib/gcc/x86_64-linux-gnu/5/liblto_plugin.so -plugin-opt=/usr/lib/gcc/x86_64-linux-gnu/5/lto-wrapper -plugin-opt=-fresolution=/tmp/ccWWuNZJ.res -plugin-opt=-pass-through=-lgcc_s -plugin-opt=-pass-through=-lgcc -plugin-opt=-pass-through=-lc -plugin-opt=-pass-through=-lgcc_s -plugin-opt=-pass-through=-lgcc --sysroot=/ --build-id --eh-frame-hdr -m elf_x86_64 --hash-style=gnu --as-needed -export-dynamic -dynamic-linker /lib64/ld-linux-x86-64.so.2 -z relro -o cmTC_81ddd /usr/lib/gcc/x86_64-linux-gnu/5/../../../x86_64-linux-gnu/crt1.o /usr/lib/gcc/x86_64-linux-gnu/5/../../../x86_64-linux-gnu/crti.o /usr/lib/gcc/x86_64-linux-gnu/5/crtbegin.o -L/usr/lib/gcc/x86_64-linux-gnu/5 -L/usr/lib/gcc/x86_64-linux-gnu/5/../../../x86_64-linux-gnu -L/usr/lib/gcc/x86_64-linux-gnu/5/../../../../lib -L/lib/x86_64-linux-gnu -L/lib/../lib -L/usr/lib/x86_64-linux-gnu -L/usr/lib/../lib -L/usr/lib/gcc/x86_64-linux-gnu/5/../../.. CMakeFiles/cmTC_81ddd.dir/CMakeCXXCompilerABI.cpp.o -lstdc++ -lm -lgcc_s -lgcc -lc -lgcc_s -lgcc /usr/lib/gcc/x86_64-linux-gnu/5/crtend.o /usr/lib/gcc/x86_64-linux-gnu/5/../../../x86_64-linux-gnu/crtn.o]
    arg [/usr/lib/gcc/x86_64-linux-gnu/5/collect2] ==> ignore
    arg [-plugin] ==> ignore
    arg [/usr/lib/gcc/x86_64-linux-gnu/5/liblto_plugin.so] ==> ignore
    arg [-plugin-opt=/usr/lib/gcc/x86_64-linux-gnu/5/lto-wrapper] ==> ignore
    arg [-plugin-opt=-fresolution=/tmp/ccWWuNZJ.res] ==> ignore
    arg [-plugin-opt=-pass-through=-lgcc_s] ==> ignore
    arg [-plugin-opt=-pass-through=-lgcc] ==> ignore
    arg [-plugin-opt=-pass-through=-lc] ==> ignore
    arg [-plugin-opt=-pass-through=-lgcc_s] ==> ignore
    arg [-plugin-opt=-pass-through=-lgcc] ==> ignore
    arg [--sysroot=/] ==> ignore
    arg [--build-id] ==> ignore
    arg [--eh-frame-hdr] ==> ignore
    arg [-m] ==> ignore
    arg [elf_x86_64] ==> ignore
    arg [--hash-style=gnu] ==> ignore
    arg [--as-needed] ==> ignore
    arg [-export-dynamic] ==> ignore
    arg [-dynamic-linker] ==> ignore
    arg [/lib64/ld-linux-x86-64.so.2] ==> ignore
    arg [-zrelro] ==> ignore
    arg [-o] ==> ignore
    arg [cmTC_81ddd] ==> ignore
    arg [/usr/lib/gcc/x86_64-linux-gnu/5/../../../x86_64-linux-gnu/crt1.o] ==> ignore
    arg [/usr/lib/gcc/x86_64-linux-gnu/5/../../../x86_64-linux-gnu/crti.o] ==> ignore
    arg [/usr/lib/gcc/x86_64-linux-gnu/5/crtbegin.o] ==> ignore
    arg [-L/usr/lib/gcc/x86_64-linux-gnu/5] ==> dir [/usr/lib/gcc/x86_64-linux-gnu/5]
    arg [-L/usr/lib/gcc/x86_64-linux-gnu/5/../../../x86_64-linux-gnu] ==> dir [/usr/lib/gcc/x86_64-linux-gnu/5/../../../x86_64-linux-gnu]
    arg [-L/usr/lib/gcc/x86_64-linux-gnu/5/../../../../lib] ==> dir [/usr/lib/gcc/x86_64-linux-gnu/5/../../../../lib]
    arg [-L/lib/x86_64-linux-gnu] ==> dir [/lib/x86_64-linux-gnu]
    arg [-L/lib/../lib] ==> dir [/lib/../lib]
    arg [-L/usr/lib/x86_64-linux-gnu] ==> dir [/usr/lib/x86_64-linux-gnu]
    arg [-L/usr/lib/../lib] ==> dir [/usr/lib/../lib]
    arg [-L/usr/lib/gcc/x86_64-linux-gnu/5/../../..] ==> dir [/usr/lib/gcc/x86_64-linux-gnu/5/../../..]
    arg [CMakeFiles/cmTC_81ddd.dir/CMakeCXXCompilerABI.cpp.o] ==> ignore
    arg [-lstdc++] ==> lib [stdc++]
    arg [-lm] ==> lib [m]
    arg [-lgcc_s] ==> lib [gcc_s]
    arg [-lgcc] ==> lib [gcc]
    arg [-lc] ==> lib [c]
    arg [-lgcc_s] ==> lib [gcc_s]
    arg [-lgcc] ==> lib [gcc]
    arg [/usr/lib/gcc/x86_64-linux-gnu/5/crtend.o] ==> ignore
    arg [/usr/lib/gcc/x86_64-linux-gnu/5/../../../x86_64-linux-gnu/crtn.o] ==> ignore
  remove lib [gcc_s]
  remove lib [gcc]
  remove lib [gcc_s]
  remove lib [gcc]
  collapse library dir [/usr/lib/gcc/x86_64-linux-gnu/5] ==> [/usr/lib/gcc/x86_64-linux-gnu/5]
  collapse library dir [/usr/lib/gcc/x86_64-linux-gnu/5/../../../x86_64-linux-gnu] ==> [/usr/lib/x86_64-linux-gnu]
  collapse library dir [/usr/lib/gcc/x86_64-linux-gnu/5/../../../../lib] ==> [/usr/lib]
  collapse library dir [/lib/x86_64-linux-gnu] ==> [/lib/x86_64-linux-gnu]
  collapse library dir [/lib/../lib] ==> [/lib]
  collapse library dir [/usr/lib/x86_64-linux-gnu] ==> [/usr/lib/x86_64-linux-gnu]
  collapse library dir [/usr/lib/../lib] ==> [/usr/lib]
  collapse library dir [/usr/lib/gcc/x86_64-linux-gnu/5/../../..] ==> [/usr/lib]
  implicit libs: [stdc++;m;c]
  implicit dirs: [/usr/lib/gcc/x86_64-linux-gnu/5;/usr/lib/x86_64-linux-gnu;/usr/lib;/lib/x86_64-linux-gnu;/lib]
  implicit fwks: []




Detecting CXX [-std=c++14] compiler features compiled with the following output:
Change Dir: /home/xll/windily/catkin_ws/build/CMakeFiles/CMakeTmp

Run Build Command:"/usr/bin/make" "cmTC_4adb3/fast"
/usr/bin/make -f CMakeFiles/cmTC_4adb3.dir/build.make CMakeFiles/cmTC_4adb3.dir/build
make[1]: Entering directory '/home/xll/windily/catkin_ws/build/CMakeFiles/CMakeTmp'
Building CXX object CMakeFiles/cmTC_4adb3.dir/feature_tests.cxx.o
/usr/bin/c++     -std=c++14 -o CMakeFiles/cmTC_4adb3.dir/feature_tests.cxx.o -c /home/xll/windily/catkin_ws/build/CMakeFiles/feature_tests.cxx
Linking CXX executable cmTC_4adb3
/usr/bin/cmake -E cmake_link_script CMakeFiles/cmTC_4adb3.dir/link.txt --verbose=1
/usr/bin/c++        CMakeFiles/cmTC_4adb3.dir/feature_tests.cxx.o  -o cmTC_4adb3 -rdynamic 
make[1]: Leaving directory '/home/xll/windily/catkin_ws/build/CMakeFiles/CMakeTmp'


    Feature record: CXX_FEATURE:1cxx_aggregate_default_initializers
    Feature record: CXX_FEATURE:1cxx_alias_templates
    Feature record: CXX_FEATURE:1cxx_alignas
    Feature record: CXX_FEATURE:1cxx_alignof
    Feature record: CXX_FEATURE:1cxx_attributes
    Feature record: CXX_FEATURE:1cxx_attribute_deprecated
    Feature record: CXX_FEATURE:1cxx_auto_type
    Feature record: CXX_FEATURE:1cxx_binary_literals
    Feature record: CXX_FEATURE:1cxx_constexpr
    Feature record: CXX_FEATURE:1cxx_contextual_conversions
    Feature record: CXX_FEATURE:1cxx_decltype
    Feature record: CXX_FEATURE:1cxx_decltype_auto
    Feature record: CXX_FEATURE:1cxx_decltype_incomplete_return_types
    Feature record: CXX_FEATURE:1cxx_default_function_template_args
    Feature record: CXX_FEATURE:1cxx_defaulted_functions
    Feature record: CXX_FEATURE:1cxx_defaulted_move_initializers
    Feature record: CXX_FEATURE:1cxx_delegating_constructors
    Feature record: CXX_FEATURE:1cxx_deleted_functions
    Feature record: CXX_FEATURE:1cxx_digit_separators
    Feature record: CXX_FEATURE:1cxx_enum_forward_declarations
    Feature record: CXX_FEATURE:1cxx_explicit_conversions
    Feature record: CXX_FEATURE:1cxx_extended_friend_declarations
    Feature record: CXX_FEATURE:1cxx_extern_templates
    Feature record: CXX_FEATURE:1cxx_final
    Feature record: CXX_FEATURE:1cxx_func_identifier
    Feature record: CXX_FEATURE:1cxx_generalized_initializers
    Feature record: CXX_FEATURE:1cxx_generic_lambdas
    Feature record: CXX_FEATURE:1cxx_inheriting_constructors
    Feature record: CXX_FEATURE:1cxx_inline_namespaces
    Feature record: CXX_FEATURE:1cxx_lambdas
    Feature record: CXX_FEATURE:1cxx_lambda_init_captures
    Feature record: CXX_FEATURE:1cxx_local_type_template_args
    Feature record: CXX_FEATURE:1cxx_long_long_type
    Feature record: CXX_FEATURE:1cxx_noexcept
    Feature record: CXX_FEATURE:1cxx_nonstatic_member_init
    Feature record: CXX_FEATURE:1cxx_nullptr
    Feature record: CXX_FEATURE:1cxx_override
    Feature record: CXX_FEATURE:1cxx_range_for
    Feature record: CXX_FEATURE:1cxx_raw_string_literals
    Feature record: CXX_FEATURE:1cxx_reference_qualified_functions
    Feature record: CXX_FEATURE:1cxx_relaxed_constexpr
    Feature record: CXX_FEATURE:1cxx_return_type_deduction
    Feature record: CXX_FEATURE:1cxx_right_angle_brackets
    Feature record: CXX_FEATURE:1cxx_rvalue_references
    Feature record: CXX_FEATURE:1cxx_sizeof_member
    Feature record: CXX_FEATURE:1cxx_static_assert
    Feature record: CXX_FEATURE:1cxx_strong_enums
    Feature record: CXX_FEATURE:1cxx_template_template_parameters
    Feature record: CXX_FEATURE:1cxx_thread_local
    Feature record: CXX_FEATURE:1cxx_trailing_return_types
    Feature record: CXX_FEATURE:1cxx_unicode_literals
    Feature record: CXX_FEATURE:1cxx_uniform_initialization
    Feature record: CXX_FEATURE:1cxx_unrestricted_unions
    Feature record: CXX_FEATURE:1cxx_user_literals
    Feature record: CXX_FEATURE:1cxx_variable_templates
    Feature record: CXX_FEATURE:1cxx_variadic_macros
    Feature record: CXX_FEATURE:1cxx_variadic_templates


Detecting CXX [-std=c++11] compiler features compiled with the following output:
Change Dir: /home/xll/windily/catkin_ws/build/CMakeFiles/CMakeTmp

Run Build Command:"/usr/bin/make" "cmTC_8a775/fast"
/usr/bin/make -f CMakeFiles/cmTC_8a775.dir/build.make CMakeFiles/cmTC_8a775.dir/build
make[1]: Entering directory '/home/xll/windily/catkin_ws/build/CMakeFiles/CMakeTmp'
Building CXX object CMakeFiles/cmTC_8a775.dir/feature_tests.cxx.o
/usr/bin/c++     -std=c++11 -o CMakeFiles/cmTC_8a775.dir/feature_tests.cxx.o -c /home/xll/windily/catkin_ws/build/CMakeFiles/feature_tests.cxx
Linking CXX executable cmTC_8a775
/usr/bin/cmake -E cmake_link_script CMakeFiles/cmTC_8a775.dir/link.txt --verbose=1
/usr/bin/c++        CMakeFiles/cmTC_8a775.dir/feature_tests.cxx.o  -o cmTC_8a775 -rdynamic 
make[1]: Leaving directory '/home/xll/windily/catkin_ws/build/CMakeFiles/CMakeTmp'


    Feature record: CXX_FEATURE:0cxx_aggregate_default_initializers
    Feature record: CXX_FEATURE:1cxx_alias_templates
    Feature record: CXX_FEATURE:1cxx_alignas
    Feature record: CXX_FEATURE:1cxx_alignof
    Feature record: CXX_FEATURE:1cxx_attributes
    Feature record: CXX_FEATURE:0cxx_attribute_deprecated
    Feature record: CXX_FEATURE:1cxx_auto_type
    Feature record: CXX_FEATURE:0cxx_binary_literals
    Feature record: CXX_FEATURE:1cxx_constexpr
    Feature record: CXX_FEATURE:0cxx_contextual_conversions
    Feature record: CXX_FEATURE:1cxx_decltype
    Feature record: CXX_FEATURE:0cxx_decltype_auto
    Feature record: CXX_FEATURE:1cxx_decltype_incomplete_return_types
    Feature record: CXX_FEATURE:1cxx_default_function_template_args
    Feature record: CXX_FEATURE:1cxx_defaulted_functions
    Feature record: CXX_FEATURE:1cxx_defaulted_move_initializers
    Feature record: CXX_FEATURE:1cxx_delegating_constructors
    Feature record: CXX_FEATURE:1cxx_deleted_functions
    Feature record: CXX_FEATURE:0cxx_digit_separators
    Feature record: CXX_FEATURE:1cxx_enum_forward_declarations
    Feature record: CXX_FEATURE:1cxx_explicit_conversions
    Feature record: CXX_FEATURE:1cxx_extended_friend_declarations
    Feature record: CXX_FEATURE:1cxx_extern_templates
    Feature record: CXX_FEATURE:1cxx_final
    Feature record: CXX_FEATURE:1cxx_func_identifier
    Feature record: CXX_FEATURE:1cxx_generalized_initializers
    Feature record: CXX_FEATURE:0cxx_generic_lambdas
    Feature record: CXX_FEATURE:1cxx_inheriting_constructors
    Feature record: CXX_FEATURE:1cxx_inline_namespaces
    Feature record: CXX_FEATURE:1cxx_lambdas
    Feature record: CXX_FEATURE:0cxx_lambda_init_captures
    Feature record: CXX_FEATURE:1cxx_local_type_template_args
    Feature record: CXX_FEATURE:1cxx_long_long_type
    Feature record: CXX_FEATURE:1cxx_noexcept
    Feature record: CXX_FEATURE:1cxx_nonstatic_member_init
    Feature record: CXX_FEATURE:1cxx_nullptr
    Feature record: CXX_FEATURE:1cxx_override
    Feature record: CXX_FEATURE:1cxx_range_for
    Feature record: CXX_FEATURE:1cxx_raw_string_literals
    Feature record: CXX_FEATURE:1cxx_reference_qualified_functions
    Feature record: CXX_FEATURE:0cxx_relaxed_constexpr
    Feature record: CXX_FEATURE:0cxx_return_type_deduction
    Feature record: CXX_FEATURE:1cxx_right_angle_brackets
    Feature record: CXX_FEATURE:1cxx_rvalue_references
    Feature record: CXX_FEATURE:1cxx_sizeof_member
    Feature record: CXX_FEATURE:1cxx_static_assert
    Feature record: CXX_FEATURE:1cxx_strong_enums
    Feature record: CXX_FEATURE:1cxx_template_template_parameters
    Feature record: CXX_FEATURE:1cxx_thread_local
    Feature record: CXX_FEATURE:1cxx_trailing_return_types
    Feature record: CXX_FEATURE:1cxx_unicode_literals
    Feature record: CXX_FEATURE:1cxx_uniform_initialization
    Feature record: CXX_FEATURE:1cxx_unrestricted_unions
    Feature record: CXX_FEATURE:1cxx_user_literals
    Feature record: CXX_FEATURE:0cxx_variable_templates
    Feature record: CXX_FEATURE:1cxx_variadic_macros
    Feature record: CXX_FEATURE:1cxx_variadic_templates


Detecting CXX [-std=c++98] compiler features compiled with the following output:
Change Dir: /home/xll/windily/catkin_ws/build/CMakeFiles/CMakeTmp

Run Build Command:"/usr/bin/make" "cmTC_19ca0/fast"
/usr/bin/make -f CMakeFiles/cmTC_19ca0.dir/build.make CMakeFiles/cmTC_19ca0.dir/build
make[1]: Entering directory '/home/xll/windily/catkin_ws/build/CMakeFiles/CMakeTmp'
Building CXX object CMakeFiles/cmTC_19ca0.dir/feature_tests.cxx.o
/usr/bin/c++     -std=c++98 -o CMakeFiles/cmTC_19ca0.dir/feature_tests.cxx.o -c /home/xll/windily/catkin_ws/build/CMakeFiles/feature_tests.cxx
Linking CXX executable cmTC_19ca0
/usr/bin/cmake -E cmake_link_script CMakeFiles/cmTC_19ca0.dir/link.txt --verbose=1
/usr/bin/c++        CMakeFiles/cmTC_19ca0.dir/feature_tests.cxx.o  -o cmTC_19ca0 -rdynamic 
make[1]: Leaving directory '/home/xll/windily/catkin_ws/build/CMakeFiles/CMakeTmp'


    Feature record: CXX_FEATURE:0cxx_aggregate_default_initializers
    Feature record: CXX_FEATURE:0cxx_alias_templates
    Feature record: CXX_FEATURE:0cxx_alignas
    Feature record: CXX_FEATURE:0cxx_alignof
    Feature record: CXX_FEATURE:0cxx_attributes
    Feature record: CXX_FEATURE:0cxx_attribute_deprecated
    Feature record: CXX_FEATURE:0cxx_auto_type
    Feature record: CXX_FEATURE:0cxx_binary_literals
    Feature record: CXX_FEATURE:0cxx_constexpr
    Feature record: CXX_FEATURE:0cxx_contextual_conversions
    Feature record: CXX_FEATURE:0cxx_decltype
    Feature record: CXX_FEATURE:0cxx_decltype_auto
    Feature record: CXX_FEATURE:0cxx_decltype_incomplete_return_types
    Feature record: CXX_FEATURE:0cxx_default_function_template_args
    Feature record: CXX_FEATURE:0cxx_defaulted_functions
    Feature record: CXX_FEATURE:0cxx_defaulted_move_initializers
    Feature record: CXX_FEATURE:0cxx_delegating_constructors
    Feature record: CXX_FEATURE:0cxx_deleted_functions
    Feature record: CXX_FEATURE:0cxx_digit_separators
    Feature record: CXX_FEATURE:0cxx_enum_forward_declarations
    Feature record: CXX_FEATURE:0cxx_explicit_conversions
    Feature record: CXX_FEATURE:0cxx_extended_friend_declarations
    Feature record: CXX_FEATURE:0cxx_extern_templates
    Feature record: CXX_FEATURE:0cxx_final
    Feature record: CXX_FEATURE:0cxx_func_identifier
    Feature record: CXX_FEATURE:0cxx_generalized_initializers
    Feature record: CXX_FEATURE:0cxx_generic_lambdas
    Feature record: CXX_FEATURE:0cxx_inheriting_constructors
    Feature record: CXX_FEATURE:0cxx_inline_namespaces
    Feature record: CXX_FEATURE:0cxx_lambdas
    Feature record: CXX_FEATURE:0cxx_lambda_init_captures
    Feature record: CXX_FEATURE:0cxx_local_type_template_args
    Feature record: CXX_FEATURE:0cxx_long_long_type
    Feature record: CXX_FEATURE:0cxx_noexcept
    Feature record: CXX_FEATURE:0cxx_nonstatic_member_init
    Feature record: CXX_FEATURE:0cxx_nullptr
    Feature record: CXX_FEATURE:0cxx_override
    Feature record: CXX_FEATURE:0cxx_range_for
    Feature record: CXX_FEATURE:0cxx_raw_string_literals
    Feature record: CXX_FEATURE:0cxx_reference_qualified_functions
    Feature record: CXX_FEATURE:0cxx_relaxed_constexpr
    Feature record: CXX_FEATURE:0cxx_return_type_deduction
    Feature record: CXX_FEATURE:0cxx_right_angle_brackets
    Feature record: CXX_FEATURE:0cxx_rvalue_references
    Feature record: CXX_FEATURE:0cxx_sizeof_member
    Feature record: CXX_FEATURE:0cxx_static_assert
    Feature record: CXX_FEATURE:0cxx_strong_enums
    Feature record: CXX_FEATURE:1cxx_template_template_parameters
    Feature record: CXX_FEATURE:0cxx_thread_local
    Feature record: CXX_FEATURE:0cxx_trailing_return_types
    Feature record: CXX_FEATURE:0cxx_unicode_literals
    Feature record: CXX_FEATURE:0cxx_uniform_initialization
    Feature record: CXX_FEATURE:0cxx_unrestricted_unions
    Feature record: CXX_FEATURE:0cxx_user_literals
    Feature record: CXX_FEATURE:0cxx_variable_templates
    Feature record: CXX_FEATURE:0cxx_variadic_macros
    Feature record: CXX_FEATURE:0cxx_variadic_templates
Determining if the include file pthread.h exists passed with the following output:
Change Dir: /home/xll/windily/catkin_ws/build/CMakeFiles/CMakeTmp

Run Build Command:"/usr/bin/make" "cmTC_58348/fast"
/usr/bin/make -f CMakeFiles/cmTC_58348.dir/build.make CMakeFiles/cmTC_58348.dir/build
make[1]: Entering directory '/home/xll/windily/catkin_ws/build/CMakeFiles/CMakeTmp'
Building C object CMakeFiles/cmTC_58348.dir/CheckIncludeFile.c.o
/usr/bin/cc     -o CMakeFiles/cmTC_58348.dir/CheckIncludeFile.c.o   -c /home/xll/windily/catkin_ws/build/CMakeFiles/CMakeTmp/CheckIncludeFile.c
Linking C executable cmTC_58348
/usr/bin/cmake -E cmake_link_script CMakeFiles/cmTC_58348.dir/link.txt --verbose=1
/usr/bin/cc       CMakeFiles/cmTC_58348.dir/CheckIncludeFile.c.o  -o cmTC_58348 -rdynamic 
make[1]: Leaving directory '/home/xll/windily/catkin_ws/build/CMakeFiles/CMakeTmp'


Determining if the function pthread_create exists in the pthread passed with the following output:
Change Dir: /home/xll/windily/catkin_ws/build/CMakeFiles/CMakeTmp

Run Build Command:"/usr/bin/make" "cmTC_86ef6/fast"
/usr/bin/make -f CMakeFiles/cmTC_86ef6.dir/build.make CMakeFiles/cmTC_86ef6.dir/build
make[1]: Entering directory '/home/xll/windily/catkin_ws/build/CMakeFiles/CMakeTmp'
Building C object CMakeFiles/cmTC_86ef6.dir/CheckFunctionExists.c.o
/usr/bin/cc    -DCHECK_FUNCTION_EXISTS=pthread_create   -o CMakeFiles/cmTC_86ef6.dir/CheckFunctionExists.c.o   -c /usr/share/cmake-3.5/Modules/CheckFunctionExists.c
Linking C executable cmTC_86ef6
/usr/bin/cmake -E cmake_link_script CMakeFiles/cmTC_86ef6.dir/link.txt --verbose=1
/usr/bin/cc   -DCHECK_FUNCTION_EXISTS=pthread_create    CMakeFiles/cmTC_86ef6.dir/CheckFunctionExists.c.o  -o cmTC_86ef6 -rdynamic -lpthread 
make[1]: Leaving directory '/home/xll/windily/catkin_ws/build/CMakeFiles/CMakeTmp'


Performing C++ SOURCE FILE Test COMPILER_SUPPORTS_CXX11 succeeded with the following output:
Change Dir: /home/xll/windily/catkin_ws/build/CMakeFiles/CMakeTmp

Run Build Command:"/usr/bin/make" "cmTC_f21b8/fast"
/usr/bin/make -f CMakeFiles/cmTC_f21b8.dir/build.make CMakeFiles/cmTC_f21b8.dir/build
make[1]: Entering directory '/home/xll/windily/catkin_ws/build/CMakeFiles/CMakeTmp'
Building CXX object CMakeFiles/cmTC_f21b8.dir/src.cxx.o
/usr/bin/c++     -DBT_USE_DOUBLE_PRECISION -Wall -Wuninitialized -Winit-self -Wunused-function -Wunused-label -Wunused-variable -Wunused-but-set-variable -Wunused-but-set-parameter -Warray-bounds -Wtype-limits -Wreturn-type -Wsequence-point -Wparentheses -Wmissing-braces -Wchar-subscripts -Wswitch -Wwrite-strings -Wenum-compare -Wempty-body -DCOMPILER_SUPPORTS_CXX11   -std=c++11 -o CMakeFiles/cmTC_f21b8.dir/src.cxx.o -c /home/xll/windily/catkin_ws/build/CMakeFiles/CMakeTmp/src.cxx
Linking CXX executable cmTC_f21b8
/usr/bin/cmake -E cmake_link_script CMakeFiles/cmTC_f21b8.dir/link.txt --verbose=1
/usr/bin/c++    -DBT_USE_DOUBLE_PRECISION -Wall -Wuninitialized -Winit-self -Wunused-function -Wunused-label -Wunused-variable -Wunused-but-set-variable -Wunused-but-set-parameter -Warray-bounds -Wtype-limits -Wreturn-type -Wsequence-point -Wparentheses -Wmissing-braces -Wchar-subscripts -Wswitch -Wwrite-strings -Wenum-compare -Wempty-body -DCOMPILER_SUPPORTS_CXX11    CMakeFiles/cmTC_f21b8.dir/src.cxx.o  -o cmTC_f21b8 -rdynamic 
make[1]: Leaving directory '/home/xll/windily/catkin_ws/build/CMakeFiles/CMakeTmp'

Source file was:
int main() { return 0; }
Performing C++ SOURCE FILE Test COMPILER_SUPPORTS_CXX0X succeeded with the following output:
Change Dir: /home/xll/windily/catkin_ws/build/CMakeFiles/CMakeTmp

Run Build Command:"/usr/bin/make" "cmTC_dd4ac/fast"
/usr/bin/make -f CMakeFiles/cmTC_dd4ac.dir/build.make CMakeFiles/cmTC_dd4ac.dir/build
make[1]: Entering directory '/home/xll/windily/catkin_ws/build/CMakeFiles/CMakeTmp'
Building CXX object CMakeFiles/cmTC_dd4ac.dir/src.cxx.o
/usr/bin/c++     -DBT_USE_DOUBLE_PRECISION -Wall -Wuninitialized -Winit-self -Wunused-function -Wunused-label -Wunused-variable -Wunused-but-set-variable -Wunused-but-set-parameter -Warray-bounds -Wtype-limits -Wreturn-type -Wsequence-point -Wparentheses -Wmissing-braces -Wchar-subscripts -Wswitch -Wwrite-strings -Wenum-compare -Wempty-body -DCOMPILER_SUPPORTS_CXX0X   -std=c++0x -o CMakeFiles/cmTC_dd4ac.dir/src.cxx.o -c /home/xll/windily/catkin_ws/build/CMakeFiles/CMakeTmp/src.cxx
Linking CXX executable cmTC_dd4ac
/usr/bin/cmake -E cmake_link_script CMakeFiles/cmTC_dd4ac.dir/link.txt --verbose=1
/usr/bin/c++    -DBT_USE_DOUBLE_PRECISION -Wall -Wuninitialized -Winit-self -Wunused-function -Wunused-label -Wunused-variable -Wunused-but-set-variable -Wunused-but-set-parameter -Warray-bounds -Wtype-limits -Wreturn-type -Wsequence-point -Wparentheses -Wmissing-braces -Wchar-subscripts -Wswitch -Wwrite-strings -Wenum-compare -Wempty-body -DCOMPILER_SUPPORTS_CXX0X    CMakeFiles/cmTC_dd4ac.dir/src.cxx.o  -o cmTC_dd4ac -rdynamic 
make[1]: Leaving directory '/home/xll/windily/catkin_ws/build/CMakeFiles/CMakeTmp'

Source file was:
int main() { return 0; }
Performing C SOURCE FILE Test OpenMP_FLAG_DETECTED succeeded with the following output:
Change Dir: /home/xll/windily/catkin_ws/build/CMakeFiles/CMakeTmp

Run Build Command:"/usr/bin/make" "cmTC_89df5/fast"
/usr/bin/make -f CMakeFiles/cmTC_89df5.dir/build.make CMakeFiles/cmTC_89df5.dir/build
make[1]: Entering directory '/home/xll/windily/catkin_ws/build/CMakeFiles/CMakeTmp'
Building C object CMakeFiles/cmTC_89df5.dir/src.c.o
/usr/bin/cc    -DOpenMP_FLAG_DETECTED -fopenmp   -o CMakeFiles/cmTC_89df5.dir/src.c.o   -c /home/xll/windily/catkin_ws/build/CMakeFiles/CMakeTmp/src.c
Linking C executable cmTC_89df5
/usr/bin/cmake -E cmake_link_script CMakeFiles/cmTC_89df5.dir/link.txt --verbose=1
/usr/bin/cc   -DOpenMP_FLAG_DETECTED -fopenmp    CMakeFiles/cmTC_89df5.dir/src.c.o  -o cmTC_89df5 -rdynamic 
make[1]: Leaving directory '/home/xll/windily/catkin_ws/build/CMakeFiles/CMakeTmp'

Source file was:

#include <omp.h>
int main() {
#ifdef _OPENMP
  return 0;
#else
  breaks_on_purpose
#endif
}

Performing C++ SOURCE FILE Test OpenMP_FLAG_DETECTED succeeded with the following output:
Change Dir: /home/xll/windily/catkin_ws/build/CMakeFiles/CMakeTmp

Run Build Command:"/usr/bin/make" "cmTC_d9d6a/fast"
/usr/bin/make -f CMakeFiles/cmTC_d9d6a.dir/build.make CMakeFiles/cmTC_d9d6a.dir/build
make[1]: Entering directory '/home/xll/windily/catkin_ws/build/CMakeFiles/CMakeTmp'
Building CXX object CMakeFiles/cmTC_d9d6a.dir/src.cxx.o
/usr/bin/c++     -DBT_USE_DOUBLE_PRECISION -Wall -Wuninitialized -Winit-self -Wunused-function -Wunused-label -Wunused-variable -Wunused-but-set-variable -Wunused-but-set-parameter -Warray-bounds -Wtype-limits -Wreturn-type -Wsequence-point -Wparentheses -Wmissing-braces -Wchar-subscripts -Wswitch -Wwrite-strings -Wenum-compare -Wempty-body -std=c++11 -DOpenMP_FLAG_DETECTED -fopenmp   -o CMakeFiles/cmTC_d9d6a.dir/src.cxx.o -c /home/xll/windily/catkin_ws/build/CMakeFiles/CMakeTmp/src.cxx
Linking CXX executable cmTC_d9d6a
/usr/bin/cmake -E cmake_link_script CMakeFiles/cmTC_d9d6a.dir/link.txt --verbose=1
/usr/bin/c++    -DBT_USE_DOUBLE_PRECISION -Wall -Wuninitialized -Winit-self -Wunused-function -Wunused-label -Wunused-variable -Wunused-but-set-variable -Wunused-but-set-parameter -Warray-bounds -Wtype-limits -Wreturn-type -Wsequence-point -Wparentheses -Wmissing-braces -Wchar-subscripts -Wswitch -Wwrite-strings -Wenum-compare -Wempty-body -std=c++11 -DOpenMP_FLAG_DETECTED -fopenmp    CMakeFiles/cmTC_d9d6a.dir/src.cxx.o  -o cmTC_d9d6a -rdynamic 
make[1]: Leaving directory '/home/xll/windily/catkin_ws/build/CMakeFiles/CMakeTmp'

Source file was:

#include <omp.h>
int main() {
#ifdef _OPENMP
  return 0;
#else
  breaks_on_purpose
#endif
}

Determining if the CL_VERSION_2_0 exist passed with the following output:
Change Dir: /home/xll/windily/catkin_ws/build/CMakeFiles/CMakeTmp

Run Build Command:"/usr/bin/make" "cmTC_459ec/fast"
/usr/bin/make -f CMakeFiles/cmTC_459ec.dir/build.make CMakeFiles/cmTC_459ec.dir/build
make[1]: Entering directory '/home/xll/windily/catkin_ws/build/CMakeFiles/CMakeTmp'
Building C object CMakeFiles/cmTC_459ec.dir/CheckSymbolExists.c.o
/usr/bin/cc     -o CMakeFiles/cmTC_459ec.dir/CheckSymbolExists.c.o   -c /home/xll/windily/catkin_ws/build/CMakeFiles/CMakeTmp/CheckSymbolExists.c
Linking C executable cmTC_459ec
/usr/bin/cmake -E cmake_link_script CMakeFiles/cmTC_459ec.dir/link.txt --verbose=1
/usr/bin/cc       CMakeFiles/cmTC_459ec.dir/CheckSymbolExists.c.o  -o cmTC_459ec -rdynamic 
make[1]: Leaving directory '/home/xll/windily/catkin_ws/build/CMakeFiles/CMakeTmp'

File /home/xll/windily/catkin_ws/build/CMakeFiles/CMakeTmp/CheckSymbolExists.c:
/* */
#include </usr/include/CL/cl.h>

int main(int argc, char** argv)
{
  (void)argv;
#ifndef CL_VERSION_2_0
  return ((int*)(&CL_VERSION_2_0))[argc];
#else
  (void)argc;
  return 0;
#endif
}

Performing C SOURCE FILE Test OpenCL_C_WORKS succeeded with the following output:
Change Dir: /home/xll/windily/catkin_ws/build/CMakeFiles/CMakeTmp

Run Build Command:"/usr/bin/make" "cmTC_da24f/fast"
/usr/bin/make -f CMakeFiles/cmTC_da24f.dir/build.make CMakeFiles/cmTC_da24f.dir/build
make[1]: Entering directory '/home/xll/windily/catkin_ws/build/CMakeFiles/CMakeTmp'
Building C object CMakeFiles/cmTC_da24f.dir/src.c.o
/usr/bin/cc   -I/include/internal  -DOpenCL_C_WORKS   -o CMakeFiles/cmTC_da24f.dir/src.c.o   -c /home/xll/windily/catkin_ws/build/CMakeFiles/CMakeTmp/src.c
Linking C executable cmTC_da24f
/usr/bin/cmake -E cmake_link_script CMakeFiles/cmTC_da24f.dir/link.txt --verbose=1
/usr/bin/cc   -DOpenCL_C_WORKS    CMakeFiles/cmTC_da24f.dir/src.c.o  -o cmTC_da24f -rdynamic /usr/lib/x86_64-linux-gnu/libOpenCL.so 
make[1]: Leaving directory '/home/xll/windily/catkin_ws/build/CMakeFiles/CMakeTmp'

Source file was:

#include <CL/cl.h>
int main() {
  clGetPlatformIDs(0, 0, 0);
  return 0;
}
Determining if the function XOpenDisplay exists in the /usr/lib/x86_64-linux-gnu/libX11.so;/usr/lib/x86_64-linux-gnu/libXext.so passed with the following output:
Change Dir: /home/xll/windily/catkin_ws/build/CMakeFiles/CMakeTmp

Run Build Command:"/usr/bin/make" "cmTC_837c5/fast"
/usr/bin/make -f CMakeFiles/cmTC_837c5.dir/build.make CMakeFiles/cmTC_837c5.dir/build
make[1]: Entering directory '/home/xll/windily/catkin_ws/build/CMakeFiles/CMakeTmp'
Building C object CMakeFiles/cmTC_837c5.dir/CheckFunctionExists.c.o
/usr/bin/cc    -Wall -Wno-unused-result -Wno-unknown-pragmas -Wno-unused-variable -Wfatal-errors -fPIC  -DCHECK_FUNCTION_EXISTS=XOpenDisplay   -o CMakeFiles/cmTC_837c5.dir/CheckFunctionExists.c.o   -c /usr/share/cmake-3.5/Modules/CheckFunctionExists.c
Linking C executable cmTC_837c5
/usr/bin/cmake -E cmake_link_script CMakeFiles/cmTC_837c5.dir/link.txt --verbose=1
/usr/bin/cc  -Wall -Wno-unused-result -Wno-unknown-pragmas -Wno-unused-variable -Wfatal-errors -fPIC  -DCHECK_FUNCTION_EXISTS=XOpenDisplay    CMakeFiles/cmTC_837c5.dir/CheckFunctionExists.c.o  -o cmTC_837c5 -rdynamic /usr/lib/x86_64-linux-gnu/libX11.so /usr/lib/x86_64-linux-gnu/libXext.so 
make[1]: Leaving directory '/home/xll/windily/catkin_ws/build/CMakeFiles/CMakeTmp'


Determining if the function gethostbyname exists passed with the following output:
Change Dir: /home/xll/windily/catkin_ws/build/CMakeFiles/CMakeTmp

Run Build Command:"/usr/bin/make" "cmTC_39553/fast"
/usr/bin/make -f CMakeFiles/cmTC_39553.dir/build.make CMakeFiles/cmTC_39553.dir/build
make[1]: Entering directory '/home/xll/windily/catkin_ws/build/CMakeFiles/CMakeTmp'
Building C object CMakeFiles/cmTC_39553.dir/CheckFunctionExists.c.o
/usr/bin/cc    -Wall -Wno-unused-result -Wno-unknown-pragmas -Wno-unused-variable -Wfatal-errors -fPIC  -DCHECK_FUNCTION_EXISTS=gethostbyname   -o CMakeFiles/cmTC_39553.dir/CheckFunctionExists.c.o   -c /usr/share/cmake-3.5/Modules/CheckFunctionExists.c
Linking C executable cmTC_39553
/usr/bin/cmake -E cmake_link_script CMakeFiles/cmTC_39553.dir/link.txt --verbose=1
/usr/bin/cc  -Wall -Wno-unused-result -Wno-unknown-pragmas -Wno-unused-variable -Wfatal-errors -fPIC  -DCHECK_FUNCTION_EXISTS=gethostbyname    CMakeFiles/cmTC_39553.dir/CheckFunctionExists.c.o  -o cmTC_39553 -rdynamic 
make[1]: Leaving directory '/home/xll/windily/catkin_ws/build/CMakeFiles/CMakeTmp'


Determining if the function connect exists passed with the following output:
Change Dir: /home/xll/windily/catkin_ws/build/CMakeFiles/CMakeTmp

Run Build Command:"/usr/bin/make" "cmTC_4f300/fast"
/usr/bin/make -f CMakeFiles/cmTC_4f300.dir/build.make CMakeFiles/cmTC_4f300.dir/build
make[1]: Entering directory '/home/xll/windily/catkin_ws/build/CMakeFiles/CMakeTmp'
Building C object CMakeFiles/cmTC_4f300.dir/CheckFunctionExists.c.o
/usr/bin/cc    -Wall -Wno-unused-result -Wno-unknown-pragmas -Wno-unused-variable -Wfatal-errors -fPIC  -DCHECK_FUNCTION_EXISTS=connect   -o CMakeFiles/cmTC_4f300.dir/CheckFunctionExists.c.o   -c /usr/share/cmake-3.5/Modules/CheckFunctionExists.c
Linking C executable cmTC_4f300
/usr/bin/cmake -E cmake_link_script CMakeFiles/cmTC_4f300.dir/link.txt --verbose=1
/usr/bin/cc  -Wall -Wno-unused-result -Wno-unknown-pragmas -Wno-unused-variable -Wfatal-errors -fPIC  -DCHECK_FUNCTION_EXISTS=connect    CMakeFiles/cmTC_4f300.dir/CheckFunctionExists.c.o  -o cmTC_4f300 -rdynamic 
make[1]: Leaving directory '/home/xll/windily/catkin_ws/build/CMakeFiles/CMakeTmp'


Determining if the function remove exists passed with the following output:
Change Dir: /home/xll/windily/catkin_ws/build/CMakeFiles/CMakeTmp

Run Build Command:"/usr/bin/make" "cmTC_77fc7/fast"
/usr/bin/make -f CMakeFiles/cmTC_77fc7.dir/build.make CMakeFiles/cmTC_77fc7.dir/build
make[1]: Entering directory '/home/xll/windily/catkin_ws/build/CMakeFiles/CMakeTmp'
Building C object CMakeFiles/cmTC_77fc7.dir/CheckFunctionExists.c.o
/usr/bin/cc    -Wall -Wno-unused-result -Wno-unknown-pragmas -Wno-unused-variable -Wfatal-errors -fPIC  -DCHECK_FUNCTION_EXISTS=remove   -o CMakeFiles/cmTC_77fc7.dir/CheckFunctionExists.c.o   -c /usr/share/cmake-3.5/Modules/CheckFunctionExists.c
Linking C executable cmTC_77fc7
/usr/bin/cmake -E cmake_link_script CMakeFiles/cmTC_77fc7.dir/link.txt --verbose=1
/usr/bin/cc  -Wall -Wno-unused-result -Wno-unknown-pragmas -Wno-unused-variable -Wfatal-errors -fPIC  -DCHECK_FUNCTION_EXISTS=remove    CMakeFiles/cmTC_77fc7.dir/CheckFunctionExists.c.o  -o cmTC_77fc7 -rdynamic 
make[1]: Leaving directory '/home/xll/windily/catkin_ws/build/CMakeFiles/CMakeTmp'


Determining if the function shmat exists passed with the following output:
Change Dir: /home/xll/windily/catkin_ws/build/CMakeFiles/CMakeTmp

Run Build Command:"/usr/bin/make" "cmTC_bd79c/fast"
/usr/bin/make -f CMakeFiles/cmTC_bd79c.dir/build.make CMakeFiles/cmTC_bd79c.dir/build
make[1]: Entering directory '/home/xll/windily/catkin_ws/build/CMakeFiles/CMakeTmp'
Building C object CMakeFiles/cmTC_bd79c.dir/CheckFunctionExists.c.o
/usr/bin/cc    -Wall -Wno-unused-result -Wno-unknown-pragmas -Wno-unused-variable -Wfatal-errors -fPIC  -DCHECK_FUNCTION_EXISTS=shmat   -o CMakeFiles/cmTC_bd79c.dir/CheckFunctionExists.c.o   -c /usr/share/cmake-3.5/Modules/CheckFunctionExists.c
Linking C executable cmTC_bd79c
/usr/bin/cmake -E cmake_link_script CMakeFiles/cmTC_bd79c.dir/link.txt --verbose=1
/usr/bin/cc  -Wall -Wno-unused-result -Wno-unknown-pragmas -Wno-unused-variable -Wfatal-errors -fPIC  -DCHECK_FUNCTION_EXISTS=shmat    CMakeFiles/cmTC_bd79c.dir/CheckFunctionExists.c.o  -o cmTC_bd79c -rdynamic 
make[1]: Leaving directory '/home/xll/windily/catkin_ws/build/CMakeFiles/CMakeTmp'


Determining if the function IceConnectionNumber exists in the ICE passed with the following output:
Change Dir: /home/xll/windily/catkin_ws/build/CMakeFiles/CMakeTmp

Run Build Command:"/usr/bin/make" "cmTC_394d3/fast"
/usr/bin/make -f CMakeFiles/cmTC_394d3.dir/build.make CMakeFiles/cmTC_394d3.dir/build
make[1]: Entering directory '/home/xll/windily/catkin_ws/build/CMakeFiles/CMakeTmp'
Building C object CMakeFiles/cmTC_394d3.dir/CheckFunctionExists.c.o
/usr/bin/cc    -Wall -Wno-unused-result -Wno-unknown-pragmas -Wno-unused-variable -Wfatal-errors -fPIC  -DCHECK_FUNCTION_EXISTS=IceConnectionNumber   -o CMakeFiles/cmTC_394d3.dir/CheckFunctionExists.c.o   -c /usr/share/cmake-3.5/Modules/CheckFunctionExists.c
Linking C executable cmTC_394d3
/usr/bin/cmake -E cmake_link_script CMakeFiles/cmTC_394d3.dir/link.txt --verbose=1
/usr/bin/cc  -Wall -Wno-unused-result -Wno-unknown-pragmas -Wno-unused-variable -Wfatal-errors -fPIC  -DCHECK_FUNCTION_EXISTS=IceConnectionNumber    CMakeFiles/cmTC_394d3.dir/CheckFunctionExists.c.o  -o cmTC_394d3 -rdynamic -lICE 
make[1]: Leaving directory '/home/xll/windily/catkin_ws/build/CMakeFiles/CMakeTmp'


Determining if the function XOpenDisplay exists in the /usr/lib/x86_64-linux-gnu/libX11.so;/usr/lib/x86_64-linux-gnu/libXext.so passed with the following output:
Change Dir: /home/xll/windily/catkin_ws/build/CMakeFiles/CMakeTmp

Run Build Command:"/usr/bin/make" "cmTC_d027c/fast"
make[1]: Entering directory '/home/xll/windily/catkin_ws/build/CMakeFiles/CMakeTmp'
/usr/bin/make -f CMakeFiles/cmTC_d027c.dir/build.make CMakeFiles/cmTC_d027c.dir/build
make[2]: Entering directory '/home/xll/windily/catkin_ws/build/CMakeFiles/CMakeTmp'
Building C object CMakeFiles/cmTC_d027c.dir/CheckFunctionExists.c.o
/usr/bin/cc    -Wall -Wno-unused-result -Wno-unknown-pragmas -Wno-unused-variable -Wfatal-errors -fPIC  -DCHECK_FUNCTION_EXISTS=XOpenDisplay   -o CMakeFiles/cmTC_d027c.dir/CheckFunctionExists.c.o   -c /usr/share/cmake-3.5/Modules/CheckFunctionExists.c
Linking C executable cmTC_d027c
/usr/bin/cmake -E cmake_link_script CMakeFiles/cmTC_d027c.dir/link.txt --verbose=1
/usr/bin/cc  -Wall -Wno-unused-result -Wno-unknown-pragmas -Wno-unused-variable -Wfatal-errors -fPIC  -DCHECK_FUNCTION_EXISTS=XOpenDisplay    CMakeFiles/cmTC_d027c.dir/CheckFunctionExists.c.o  -o cmTC_d027c -rdynamic /usr/lib/x86_64-linux-gnu/libX11.so /usr/lib/x86_64-linux-gnu/libXext.so 
make[2]: Leaving directory '/home/xll/windily/catkin_ws/build/CMakeFiles/CMakeTmp'
make[1]: Leaving directory '/home/xll/windily/catkin_ws/build/CMakeFiles/CMakeTmp'


Determining if the function gethostbyname exists passed with the following output:
Change Dir: /home/xll/windily/catkin_ws/build/CMakeFiles/CMakeTmp

Run Build Command:"/usr/bin/make" "cmTC_c6ee2/fast"
make[1]: Entering directory '/home/xll/windily/catkin_ws/build/CMakeFiles/CMakeTmp'
/usr/bin/make -f CMakeFiles/cmTC_c6ee2.dir/build.make CMakeFiles/cmTC_c6ee2.dir/build
make[2]: Entering directory '/home/xll/windily/catkin_ws/build/CMakeFiles/CMakeTmp'
Building C object CMakeFiles/cmTC_c6ee2.dir/CheckFunctionExists.c.o
/usr/bin/cc    -Wall -Wno-unused-result -Wno-unknown-pragmas -Wno-unused-variable -Wfatal-errors -fPIC  -DCHECK_FUNCTION_EXISTS=gethostbyname   -o CMakeFiles/cmTC_c6ee2.dir/CheckFunctionExists.c.o   -c /usr/share/cmake-3.5/Modules/CheckFunctionExists.c
Linking C executable cmTC_c6ee2
/usr/bin/cmake -E cmake_link_script CMakeFiles/cmTC_c6ee2.dir/link.txt --verbose=1
/usr/bin/cc  -Wall -Wno-unused-result -Wno-unknown-pragmas -Wno-unused-variable -Wfatal-errors -fPIC  -DCHECK_FUNCTION_EXISTS=gethostbyname    CMakeFiles/cmTC_c6ee2.dir/CheckFunctionExists.c.o  -o cmTC_c6ee2 -rdynamic 
make[2]: Leaving directory '/home/xll/windily/catkin_ws/build/CMakeFiles/CMakeTmp'
make[1]: Leaving directory '/home/xll/windily/catkin_ws/build/CMakeFiles/CMakeTmp'


Determining if the function connect exists passed with the following output:
Change Dir: /home/xll/windily/catkin_ws/build/CMakeFiles/CMakeTmp

Run Build Command:"/usr/bin/make" "cmTC_39a7c/fast"
make[1]: Entering directory '/home/xll/windily/catkin_ws/build/CMakeFiles/CMakeTmp'
/usr/bin/make -f CMakeFiles/cmTC_39a7c.dir/build.make CMakeFiles/cmTC_39a7c.dir/build
make[2]: Entering directory '/home/xll/windily/catkin_ws/build/CMakeFiles/CMakeTmp'
Building C object CMakeFiles/cmTC_39a7c.dir/CheckFunctionExists.c.o
/usr/bin/cc    -Wall -Wno-unused-result -Wno-unknown-pragmas -Wno-unused-variable -Wfatal-errors -fPIC  -DCHECK_FUNCTION_EXISTS=connect   -o CMakeFiles/cmTC_39a7c.dir/CheckFunctionExists.c.o   -c /usr/share/cmake-3.5/Modules/CheckFunctionExists.c
Linking C executable cmTC_39a7c
/usr/bin/cmake -E cmake_link_script CMakeFiles/cmTC_39a7c.dir/link.txt --verbose=1
/usr/bin/cc  -Wall -Wno-unused-result -Wno-unknown-pragmas -Wno-unused-variable -Wfatal-errors -fPIC  -DCHECK_FUNCTION_EXISTS=connect    CMakeFiles/cmTC_39a7c.dir/CheckFunctionExists.c.o  -o cmTC_39a7c -rdynamic 
make[2]: Leaving directory '/home/xll/windily/catkin_ws/build/CMakeFiles/CMakeTmp'
make[1]: Leaving directory '/home/xll/windily/catkin_ws/build/CMakeFiles/CMakeTmp'


Determining if the function remove exists passed with the following output:
Change Dir: /home/xll/windily/catkin_ws/build/CMakeFiles/CMakeTmp

Run Build Command:"/usr/bin/make" "cmTC_9a1d9/fast"
make[1]: Entering directory '/home/xll/windily/catkin_ws/build/CMakeFiles/CMakeTmp'
/usr/bin/make -f CMakeFiles/cmTC_9a1d9.dir/build.make CMakeFiles/cmTC_9a1d9.dir/build
make[2]: Entering directory '/home/xll/windily/catkin_ws/build/CMakeFiles/CMakeTmp'
Building C object CMakeFiles/cmTC_9a1d9.dir/CheckFunctionExists.c.o
/usr/bin/cc    -Wall -Wno-unused-result -Wno-unknown-pragmas -Wno-unused-variable -Wfatal-errors -fPIC  -DCHECK_FUNCTION_EXISTS=remove   -o CMakeFiles/cmTC_9a1d9.dir/CheckFunctionExists.c.o   -c /usr/share/cmake-3.5/Modules/CheckFunctionExists.c
Linking C executable cmTC_9a1d9
/usr/bin/cmake -E cmake_link_script CMakeFiles/cmTC_9a1d9.dir/link.txt --verbose=1
/usr/bin/cc  -Wall -Wno-unused-result -Wno-unknown-pragmas -Wno-unused-variable -Wfatal-errors -fPIC  -DCHECK_FUNCTION_EXISTS=remove    CMakeFiles/cmTC_9a1d9.dir/CheckFunctionExists.c.o  -o cmTC_9a1d9 -rdynamic 
make[2]: Leaving directory '/home/xll/windily/catkin_ws/build/CMakeFiles/CMakeTmp'
make[1]: Leaving directory '/home/xll/windily/catkin_ws/build/CMakeFiles/CMakeTmp'


Determining if the function shmat exists passed with the following output:
Change Dir: /home/xll/windily/catkin_ws/build/CMakeFiles/CMakeTmp

Run Build Command:"/usr/bin/make" "cmTC_95626/fast"
make[1]: Entering directory '/home/xll/windily/catkin_ws/build/CMakeFiles/CMakeTmp'
/usr/bin/make -f CMakeFiles/cmTC_95626.dir/build.make CMakeFiles/cmTC_95626.dir/build
make[2]: Entering directory '/home/xll/windily/catkin_ws/build/CMakeFiles/CMakeTmp'
Building C object CMakeFiles/cmTC_95626.dir/CheckFunctionExists.c.o
/usr/bin/cc    -Wall -Wno-unused-result -Wno-unknown-pragmas -Wno-unused-variable -Wfatal-errors -fPIC  -DCHECK_FUNCTION_EXISTS=shmat   -o CMakeFiles/cmTC_95626.dir/CheckFunctionExists.c.o   -c /usr/share/cmake-3.5/Modules/CheckFunctionExists.c
Linking C executable cmTC_95626
/usr/bin/cmake -E cmake_link_script CMakeFiles/cmTC_95626.dir/link.txt --verbose=1
/usr/bin/cc  -Wall -Wno-unused-result -Wno-unknown-pragmas -Wno-unused-variable -Wfatal-errors -fPIC  -DCHECK_FUNCTION_EXISTS=shmat    CMakeFiles/cmTC_95626.dir/CheckFunctionExists.c.o  -o cmTC_95626 -rdynamic 
make[2]: Leaving directory '/home/xll/windily/catkin_ws/build/CMakeFiles/CMakeTmp'
make[1]: Leaving directory '/home/xll/windily/catkin_ws/build/CMakeFiles/CMakeTmp'


Determining if the function IceConnectionNumber exists in the ICE passed with the following output:
Change Dir: /home/xll/windily/catkin_ws/build/CMakeFiles/CMakeTmp

Run Build Command:"/usr/bin/make" "cmTC_6f004/fast"
make[1]: Entering directory '/home/xll/windily/catkin_ws/build/CMakeFiles/CMakeTmp'
/usr/bin/make -f CMakeFiles/cmTC_6f004.dir/build.make CMakeFiles/cmTC_6f004.dir/build
make[2]: Entering directory '/home/xll/windily/catkin_ws/build/CMakeFiles/CMakeTmp'
Building C object CMakeFiles/cmTC_6f004.dir/CheckFunctionExists.c.o
/usr/bin/cc    -Wall -Wno-unused-result -Wno-unknown-pragmas -Wno-unused-variable -Wfatal-errors -fPIC  -DCHECK_FUNCTION_EXISTS=IceConnectionNumber   -o CMakeFiles/cmTC_6f004.dir/CheckFunctionExists.c.o   -c /usr/share/cmake-3.5/Modules/CheckFunctionExists.c
Linking C executable cmTC_6f004
/usr/bin/cmake -E cmake_link_script CMakeFiles/cmTC_6f004.dir/link.txt --verbose=1
/usr/bin/cc  -Wall -Wno-unused-result -Wno-unknown-pragmas -Wno-unused-variable -Wfatal-errors -fPIC  -DCHECK_FUNCTION_EXISTS=IceConnectionNumber    CMakeFiles/cmTC_6f004.dir/CheckFunctionExists.c.o  -o cmTC_6f004 -rdynamic -lICE 
make[2]: Leaving directory '/home/xll/windily/catkin_ws/build/CMakeFiles/CMakeTmp'
make[1]: Leaving directory '/home/xll/windily/catkin_ws/build/CMakeFiles/CMakeTmp'


